<?xml version="1.0" encoding="utf-8"?><testsuites name="pytest tests"><testsuite name="pytest" errors="0" failures="0" skipped="0" tests="3" time="5.706" timestamp="2026-09-04T08:49:36.134666+00:00" hostname="agent-env-e1c097e3-c9a6-46b4-aae6-e0c994ab800d"><testcase classname="backend.tests.test_export_unlimited.TestExportUnlimited" name="test_export_patients_returns_all_no_cap" time="2.216" /><testcase classname="backend.tests.test_export_unlimited.TestExportUnlimited" name="test_export_visits_returns_all_no_cap" time="1.991" /><testcase classname="backend.tests.test_export_unlimited.TestExportUnlimited" name="test_export_data_isolation" time="1.449" /></testsuite></testsuites>