<?xml version="1.0" encoding="utf-8"?><testsuites name="pytest tests"><testsuite name="pytest" errors="0" failures="0" skipped="0" tests="14" time="4.842" timestamp="2026-02-25T10:23:06.906614+00:00" hostname="agent-env-c85c17aa-ec7c-4fa3-9cde-57a6fdf567c7"><testcase classname="backend.tests.test_labs_imaging.TestAuthenticationAndBasics" name="test_api_health" time="0.197" /><testcase classname="backend.tests.test_labs_imaging.TestAuthenticationAndBasics" name="test_login_success" time="0.338" /><testcase classname="backend.tests.test_labs_imaging.TestAuthenticationAndBasics" name="test_get_me" time="0.435" /><testcase classname="backend.tests.test_labs_imaging.TestPatient" name="test_get_patient_by_id" time="0.486" /><testcase classname="backend.tests.test_labs_imaging.TestPatient" name="test_get_patients_list" time="0.123" /><testcase classname="backend.tests.test_labs_imaging.TestLabsImagingAttachments" name="test_get_attachments_empty_or_existing" time="0.641" /><testcase classname="backend.tests.test_labs_imaging.TestLabsImagingAttachments" name="test_upload_lab_attachment" time="0.128" /><testcase classname="backend.tests.test_labs_imaging.TestLabsImagingAttachments" name="test_upload_xray_attachment" time="0.171" /><testcase classname="backend.tests.test_labs_imaging.TestLabsImagingAttachments" name="test_upload_ultrasound_attachment" time="0.114" /><testcase classname="backend.tests.test_labs_imaging.TestLabsImagingAttachments" name="test_upload_ecg_attachment" time="0.123" /><testcase classname="backend.tests.test_labs_imaging.TestLabsImagingAttachments" name="test_get_attachment_with_file_data" time="0.275" /><testcase classname="backend.tests.test_labs_imaging.TestLabsImagingAttachments" name="test_delete_attachment" time="0.379" /><testcase classname="backend.tests.test_labs_imaging.TestLabsImagingAttachments" name="test_filter_attachments_by_patient" time="0.101" /><testcase classname="backend.tests.test_labs_imaging.TestDataIsolation" name="test_create_second_user_and_verify_isolation" time="1.204" /></testsuite></testsuites>