<?xml version="1.0" encoding="utf-8"?><testsuites name="pytest tests"><testsuite name="pytest" errors="0" failures="0" skipped="0" tests="3" time="1.931" timestamp="2026-09-08T08:18:06.348661+00:00" hostname="agent-env-e1c097e3-c9a6-46b4-aae6-e0c994ab800d"><testcase classname="backend.tests.test_soap_persistence_and_cache" name="test_root_api_has_no_store" time="0.250" /><testcase classname="backend.tests.test_soap_persistence_and_cache" name="test_get_visit_has_no_store" time="0.898" /><testcase classname="backend.tests.test_soap_persistence_and_cache" name="test_soap_create_get_update_lifecycle" time="0.728" /></testsuite></testsuites>