<?xml version="1.0" encoding="utf-8"?><testsuites name="pytest tests"><testsuite name="pytest" errors="0" failures="0" skipped="0" tests="12" time="4.251" timestamp="2026-09-08T14:04:18.198574+00:00" hostname="agent-env-e1c097e3-c9a6-46b4-aae6-e0c994ab800d"><testcase classname="backend.tests.test_soap_1000_patient_cap.TestPrimaryVisitsCap" name="test_target_patient_visible_via_get_patient" time="1.011" /><testcase classname="backend.tests.test_soap_1000_patient_cap.TestPrimaryVisitsCap" name="test_create_visit_with_soap_for_1001st_patient" time="0.161" /><testcase classname="backend.tests.test_soap_1000_patient_cap.TestPrimaryVisitsCap" name="test_list_visits_by_patient_id_returns_soap" time="0.166" /><testcase classname="backend.tests.test_soap_1000_patient_cap.TestPrimaryVisitsCap" name="test_get_visit_by_id_returns_soap" time="0.165" /><testcase classname="backend.tests.test_soap_1000_patient_cap.TestPrimaryVisitsCap" name="test_update_visit_soap_persists" time="0.416" /><testcase classname="backend.tests.test_soap_1000_patient_cap.TestRelatedEndpointsForCap" name="test_upload_and_get_attachment_for_1001st_patient" time="0.590" /><testcase classname="backend.tests.test_soap_1000_patient_cap.TestRelatedEndpointsForCap" name="test_prescription_for_1001st_patient" time="0.393" /><testcase classname="backend.tests.test_soap_1000_patient_cap.TestRelatedEndpointsForCap" name="test_certificate_for_1001st_patient" time="0.309" /><testcase classname="backend.tests.test_soap_1000_patient_cap.TestRelatedEndpointsForCap" name="test_lab_request_for_1001st_patient" time="0.393" /><testcase classname="backend.tests.test_soap_1000_patient_cap.TestCrossOwnerIsolation" name="test_doctor_a_cannot_get_doctor_b_patient" time="0.157" /><testcase classname="backend.tests.test_soap_1000_patient_cap.TestCrossOwnerIsolation" name="test_doctor_a_visits_query_for_b_patient_returns_empty" time="0.142" /><testcase classname="backend.tests.test_soap_1000_patient_cap.TestCrossOwnerIsolation" name="test_doctor_a_cannot_create_visit_for_b_patient" time="0.211" /></testsuite></testsuites>