<?xml version="1.0" encoding="utf-8"?><testsuites name="pytest tests"><testsuite name="pytest" errors="0" failures="0" skipped="0" tests="9" time="11.775" timestamp="2026-04-09T01:54:20.972883+00:00" hostname="agent-env-02cc5942-c625-4076-9e82-333592ccb353"><testcase classname="backend.tests.test_openai_key_dictation.TestSettingsOpenAIKey" name="test_get_settings_returns_openai_api_key_field" time="0.491" /><testcase classname="backend.tests.test_openai_key_dictation.TestSettingsOpenAIKey" name="test_save_openai_api_key" time="0.227" /><testcase classname="backend.tests.test_openai_key_dictation.TestSettingsOpenAIKey" name="test_openai_api_key_persists_after_save" time="0.126" /><testcase classname="backend.tests.test_openai_key_dictation.TestDictationTranscribeEndpoint" name="test_transcribe_requires_auth" time="0.121" /><testcase classname="backend.tests.test_openai_key_dictation.TestDictationTranscribeEndpoint" name="test_transcribe_returns_400_without_api_key" time="0.379" /><testcase classname="backend.tests.test_openai_key_dictation.TestDictationTranscribeEndpoint" name="test_transcribe_returns_error_for_invalid_key" time="0.840" /><testcase classname="backend.tests.test_openai_key_dictation.TestDictationSessionAndStructure" name="test_create_dictation_session" time="0.132" /><testcase classname="backend.tests.test_openai_key_dictation.TestDictationSessionAndStructure" name="test_structure_endpoint_works" time="9.142" /><testcase classname="backend.tests.test_openai_key_dictation.TestCleanup" name="test_restore_api_key_for_future_tests" time="0.252" /></testsuite></testsuites>