<?xml version="1.0" encoding="utf-8"?><testsuites name="pytest tests"><testsuite name="pytest" errors="0" failures="0" skipped="0" tests="12" time="14.195" timestamp="2026-02-25T15:56:13.076657+00:00" hostname="agent-env-071b85b4-dd9e-4f50-ac0b-6d7c6774545a"><testcase classname="tests.test_receptionist_and_isolation.TestCreateReceptionistFlow" name="test_admin_can_create_receptionist" time="0.904" /><testcase classname="tests.test_receptionist_and_isolation.TestCreateReceptionistFlow" name="test_doctor_can_create_receptionist" time="1.069" /><testcase classname="tests.test_receptionist_and_isolation.TestCreateReceptionistFlow" name="test_unauthenticated_cannot_create_receptionist" time="0.131" /><testcase classname="tests.test_receptionist_and_isolation.TestReceptionistLogin" name="test_receptionist_can_login" time="1.158" /><testcase classname="tests.test_receptionist_and_isolation.TestReceptionistLogin" name="test_existing_receptionist_can_login" time="0.361" /><testcase classname="tests.test_receptionist_and_isolation.TestReceptionistAccessRestrictions" name="test_receptionist_cannot_access_visits" time="1.205" /><testcase classname="tests.test_receptionist_and_isolation.TestReceptionistAccessRestrictions" name="test_receptionist_cannot_access_prescriptions" time="1.346" /><testcase classname="tests.test_receptionist_and_isolation.TestReceptionistAccessRestrictions" name="test_receptionist_cannot_access_certificates" time="1.382" /><testcase classname="tests.test_receptionist_and_isolation.TestReceptionistAccessRestrictions" name="test_receptionist_can_see_patients" time="1.279" /><testcase classname="tests.test_receptionist_and_isolation.TestReceptionistAccessRestrictions" name="test_receptionist_can_see_appointments" time="1.312" /><testcase classname="tests.test_receptionist_and_isolation.TestDataIsolationBetweenDoctors" name="test_doctor_cannot_see_other_doctors_patients" time="2.026" /><testcase classname="tests.test_receptionist_and_isolation.TestDataIsolationBetweenDoctors" name="test_doctor_can_see_own_patients" time="1.972" /></testsuite></testsuites>