<?xml version="1.0" encoding="utf-8"?><testsuites name="pytest tests"><testsuite name="pytest" errors="0" failures="0" skipped="0" tests="9" time="5.148" timestamp="2026-03-13T14:01:43.270961+00:00" hostname="agent-env-02cc5942-c625-4076-9e82-333592ccb353"><testcase classname="backend.tests.test_export_backup.TestExportAPIs" name="test_export_patients_returns_paginated_response" time="0.612" /><testcase classname="backend.tests.test_export_backup.TestExportAPIs" name="test_export_visits_returns_paginated_response" time="0.484" /><testcase classname="backend.tests.test_export_backup.TestExportAPIs" name="test_export_patients_requires_auth" time="0.662" /><testcase classname="backend.tests.test_export_backup.TestExportAPIs" name="test_export_visits_requires_auth" time="0.565" /><testcase classname="backend.tests.test_export_backup.TestExportAPIs" name="test_export_with_data" time="0.764" /><testcase classname="backend.tests.test_export_backup.TestExportAPIs" name="test_export_visits_date_filtering" time="0.488" /><testcase classname="backend.tests.test_export_backup.TestBackupWithExistingUser" name="test_backup_test_user_login" time="0.357" /><testcase classname="backend.tests.test_export_backup.TestBackupWithExistingUser" name="test_backup_test_user_export_patients" time="0.485" /><testcase classname="backend.tests.test_export_backup.TestBackupWithExistingUser" name="test_backup_test_user_export_visits" time="0.545" /></testsuite></testsuites>