<?xml version="1.0" encoding="utf-8"?><testsuites name="pytest tests"><testsuite name="pytest" errors="0" failures="0" skipped="0" tests="4" time="24.097" timestamp="2026-03-14T00:38:37.408648+00:00" hostname="agent-env-02cc5942-c625-4076-9e82-333592ccb353"><testcase classname="backend.tests.test_demo_mode.TestStructurePrescriptionMode" name="test_prescription_mode_returns_prescriptions_array" time="8.202" /><testcase classname="backend.tests.test_demo_mode.TestStructureOrdersMode" name="test_orders_mode_returns_orders_array" time="5.034" /><testcase classname="backend.tests.test_demo_mode.TestStructureReviewFlags" name="test_uncertain_transcript_produces_review_flags" time="5.739" /><testcase classname="backend.tests.test_demo_mode.TestDemoSessionCreation" name="test_demo_creates_session" time="5.049" /></testsuite></testsuites>