<?xml version="1.0" encoding="utf-8"?><testsuites name="pytest tests"><testsuite name="pytest" errors="0" failures="0" skipped="0" tests="6" time="13.262" timestamp="2026-02-25T16:18:32.870933+00:00" hostname="agent-env-071b85b4-dd9e-4f50-ac0b-6d7c6774545a"><testcase classname="backend.tests.test_receptionist_doctor_binding.TestDoctorCreatesReceptionist" name="test_created_by_field_set_when_doctor_creates_receptionist" time="1.748" /><testcase classname="backend.tests.test_receptionist_doctor_binding.TestReceptionistSeesOnlyDoctorsPatients" name="test_receptionist_sees_only_their_doctors_patients" time="1.889" /><testcase classname="backend.tests.test_receptionist_doctor_binding.TestReceptionistCreatesPatientForDoctor" name="test_receptionist_creates_patient_owner_id_is_doctor" time="2.012" /><testcase classname="backend.tests.test_receptionist_doctor_binding.TestReceptionistManagesAppointmentsForDoctor" name="test_receptionist_creates_appointment_owner_id_is_doctor" time="2.298" /><testcase classname="backend.tests.test_receptionist_doctor_binding.TestDataIsolationBetweenDoctors" name="test_receptionist_cannot_see_other_doctors_patients" time="2.887" /><testcase classname="backend.tests.test_receptionist_doctor_binding.TestReceptionistCanSeeAndManageDoctorsAppointments" name="test_receptionist_sees_doctors_appointments" time="2.355" /></testsuite></testsuites>