<?xml version="1.0" encoding="utf-8"?><testsuites name="pytest tests"><testsuite name="pytest" errors="0" failures="0" skipped="0" tests="20" time="4.753" timestamp="2026-08-01T08:38:56.369713+00:00" hostname="agent-env-e1c097e3-c9a6-46b4-aae6-e0c994ab800d"><testcase classname="backend.tests.test_licensing_system" name="test_public_key_endpoint" time="0.245" /><testcase classname="backend.tests.test_licensing_system" name="test_super_admin_login_success" time="0.107" /><testcase classname="backend.tests.test_licensing_system" name="test_super_admin_login_invalid" time="0.102" /><testcase classname="backend.tests.test_licensing_system" name="test_admin_endpoints_require_auth" time="0.227" /><testcase classname="backend.tests.test_licensing_system" name="test_license_stats" time="0.102" /><testcase classname="backend.tests.test_licensing_system" name="test_generate_lifetime" time="0.100" /><testcase classname="backend.tests.test_licensing_system" name="test_activate_lifetime" time="0.100" /><testcase classname="backend.tests.test_licensing_system" name="test_activate_invalid_code" time="0.097" /><testcase classname="backend.tests.test_licensing_system" name="test_device_binding_wrong_device" time="0.238" /><testcase classname="backend.tests.test_licensing_system" name="test_generate_other_license_types[yearly]" time="0.099" /><testcase classname="backend.tests.test_licensing_system" name="test_generate_other_license_types[trial]" time="0.110" /><testcase classname="backend.tests.test_licensing_system" name="test_generate_other_license_types[hospital]" time="0.106" /><testcase classname="backend.tests.test_licensing_system" name="test_revoke_and_reactivate" time="0.591" /><testcase classname="backend.tests.test_licensing_system" name="test_transfer_license" time="0.292" /><testcase classname="backend.tests.test_licensing_system" name="test_extend_license" time="0.207" /><testcase classname="backend.tests.test_licensing_system" name="test_delete_license" time="0.529" /><testcase classname="backend.tests.test_licensing_system" name="test_audit_logs" time="0.097" /><testcase classname="backend.tests.test_licensing_system" name="test_list_licenses" time="0.098" /><testcase classname="backend.tests.test_licensing_system" name="test_offline_activation" time="0.198" /><testcase classname="backend.tests.test_licensing_system" name="test_cleanup_test_licenses" time="0.986" /></testsuite></testsuites>