<?xml version="1.0" encoding="utf-8"?><testsuites name="pytest tests"><testsuite name="pytest" errors="0" failures="0" skipped="0" tests="11" time="50.340" timestamp="2026-03-01T12:42:29.042099+00:00" hostname="agent-env-476d8ee7-8402-4ef5-ad4b-9f4ff131e00b"><testcase classname="backend.tests.test_error_handling_and_ai.TestAuthFlow" name="test_login_success" time="0.500" /><testcase classname="backend.tests.test_error_handling_and_ai.TestAuthFlow" name="test_login_invalid_credentials" time="0.100" /><testcase classname="backend.tests.test_error_handling_and_ai.TestValidationErrorHandling" name="test_patient_invalid_email_validation" time="0.439" /><testcase classname="backend.tests.test_error_handling_and_ai.TestValidationErrorHandling" name="test_patient_missing_required_fields" time="0.455" /><testcase classname="backend.tests.test_error_handling_and_ai.TestValidationErrorHandling" name="test_appointment_invalid_date_format" time="0.600" /><testcase classname="backend.tests.test_error_handling_and_ai.TestAIConsultationEndpoint" name="test_ai_assist_endpoint_exists" time="0.090" /><testcase classname="backend.tests.test_error_handling_and_ai.TestAIConsultationEndpoint" name="test_ai_full_consultation" time="24.424" /><testcase classname="backend.tests.test_error_handling_and_ai.TestAIConsultationEndpoint" name="test_ai_soap_convert" time="4.520" /><testcase classname="backend.tests.test_error_handling_and_ai.TestAIConsultationEndpoint" name="test_ai_diagnosis_suggest" time="10.318" /><testcase classname="backend.tests.test_error_handling_and_ai.TestAIConsultationEndpoint" name="test_ai_red_flag_check" time="8.328" /><testcase classname="backend.tests.test_error_handling_and_ai.TestPatientCreationFlow" name="test_create_patient_success" time="0.459" /></testsuite></testsuites>