<?xml version="1.0" encoding="utf-8"?><testsuites name="pytest tests"><testsuite name="pytest" errors="0" failures="0" skipped="0" tests="13" time="10.691" timestamp="2026-03-14T00:25:08.807327+00:00" hostname="agent-env-02cc5942-c625-4076-9e82-333592ccb353"><testcase classname="backend.tests.test_dictation.TestDictationAuth" name="test_create_session_requires_auth" time="0.304" /><testcase classname="backend.tests.test_dictation.TestDictationAuth" name="test_list_sessions_requires_auth" time="0.127" /><testcase classname="backend.tests.test_dictation.TestDictationAuth" name="test_structure_requires_auth" time="0.134" /><testcase classname="backend.tests.test_dictation.TestDictationAuth" name="test_audit_requires_auth" time="0.123" /><testcase classname="backend.tests.test_dictation.TestDictationSessionCRUD" name="test_create_session_success" time="0.672" /><testcase classname="backend.tests.test_dictation.TestDictationSessionCRUD" name="test_list_sessions_filtered_by_patient" time="0.133" /><testcase classname="backend.tests.test_dictation.TestDictationSessionCRUD" name="test_get_specific_session" time="0.114" /><testcase classname="backend.tests.test_dictation.TestDictationSessionCRUD" name="test_update_session_fields" time="0.114" /><testcase classname="backend.tests.test_dictation.TestDictationStructure" name="test_structure_empty_transcript_returns_400" time="0.152" /><testcase classname="backend.tests.test_dictation.TestDictationStructure" name="test_structure_whitespace_transcript_returns_400" time="0.207" /><testcase classname="backend.tests.test_dictation.TestDictationStructure" name="test_structure_with_test_transcript" time="7.584" /><testcase classname="backend.tests.test_dictation.TestDictationAudit" name="test_log_audit_event" time="0.301" /><testcase classname="backend.tests.test_dictation.TestDictationAudit" name="test_get_audit_logs_for_session" time="0.536" /></testsuite></testsuites>