<?xml version="1.0" encoding="utf-8"?><testsuites name="pytest tests"><testsuite name="pytest" errors="0" failures="0" skipped="0" tests="8" time="8.445" timestamp="2026-02-25T10:49:55.133870+00:00" hostname="agent-env-c85c17aa-ec7c-4fa3-9cde-57a6fdf567c7"><testcase classname="backend.tests.test_attachment_edit.TestAttachmentEdit" name="test_edit_filename_success" time="1.148" /><testcase classname="backend.tests.test_attachment_edit.TestAttachmentEdit" name="test_edit_tag_success" time="1.045" /><testcase classname="backend.tests.test_attachment_edit.TestAttachmentEdit" name="test_edit_notes_success" time="0.985" /><testcase classname="backend.tests.test_attachment_edit.TestAttachmentEdit" name="test_edit_all_fields_at_once" time="0.981" /><testcase classname="backend.tests.test_attachment_edit.TestAttachmentEdit" name="test_edit_with_empty_request_fails" time="0.836" /><testcase classname="backend.tests.test_attachment_edit.TestAttachmentEdit" name="test_edit_nonexistent_attachment_fails" time="0.886" /><testcase classname="backend.tests.test_attachment_edit.TestAttachmentEdit" name="test_edit_without_auth_fails" time="0.885" /><testcase classname="backend.tests.test_attachment_edit.TestAttachmentDataIsolation" name="test_cannot_edit_other_users_attachment" time="1.588" /></testsuite></testsuites>