<?xml version="1.0" encoding="utf-8"?><testsuites name="pytest tests"><testsuite name="pytest" errors="0" failures="0" skipped="0" tests="26" time="6.453" timestamp="2026-08-01T09:20:53.610003+00:00" hostname="agent-env-e1c097e3-c9a6-46b4-aae6-e0c994ab800d"><testcase classname="backend.tests.test_licensing_system" name="test_public_key_endpoint" time="0.258" /><testcase classname="backend.tests.test_licensing_system" name="test_super_admin_login_success" time="0.139" /><testcase classname="backend.tests.test_licensing_system" name="test_super_admin_login_invalid" time="0.134" /><testcase classname="backend.tests.test_licensing_system" name="test_admin_endpoints_require_auth" time="0.267" /><testcase classname="backend.tests.test_licensing_system" name="test_license_stats" time="0.140" /><testcase classname="backend.tests.test_licensing_system" name="test_generate_lifetime" time="0.101" /><testcase classname="backend.tests.test_licensing_system" name="test_activate_lifetime" time="0.099" /><testcase classname="backend.tests.test_licensing_system" name="test_activate_invalid_code" time="0.095" /><testcase classname="backend.tests.test_licensing_system" name="test_device_binding_wrong_device" time="0.236" /><testcase classname="backend.tests.test_licensing_system" name="test_generate_other_license_types[yearly]" time="0.094" /><testcase classname="backend.tests.test_licensing_system" name="test_generate_other_license_types[trial]" time="0.095" /><testcase classname="backend.tests.test_licensing_system" name="test_generate_other_license_types[hospital]" time="0.101" /><testcase classname="backend.tests.test_licensing_system" name="test_revoke_and_reactivate" time="0.656" /><testcase classname="backend.tests.test_licensing_system" name="test_transfer_license" time="0.306" /><testcase classname="backend.tests.test_licensing_system" name="test_extend_license" time="0.201" /><testcase classname="backend.tests.test_licensing_system" name="test_delete_license" time="0.300" /><testcase classname="backend.tests.test_licensing_system" name="test_audit_logs" time="0.110" /><testcase classname="backend.tests.test_licensing_system" name="test_list_licenses" time="0.101" /><testcase classname="backend.tests.test_licensing_system" name="test_offline_activation" time="0.205" /><testcase classname="backend.tests.test_licensing_system" name="test_license_check_nonexistent_device" time="0.106" /><testcase classname="backend.tests.test_licensing_system" name="test_license_check_active_device" time="0.302" /><testcase classname="backend.tests.test_licensing_system" name="test_license_check_revoked_device" time="0.431" /><testcase classname="backend.tests.test_licensing_system" name="test_license_check_deleted_device" time="0.395" /><testcase classname="backend.tests.test_licensing_system" name="test_license_check_no_auth_required" time="0.101" /><testcase classname="backend.tests.test_licensing_system" name="test_license_check_missing_device_id" time="0.107" /><testcase classname="backend.tests.test_licensing_system" name="test_cleanup_test_licenses" time="1.283" /></testsuite></testsuites>