<?xml version="1.0" encoding="utf-8"?><testsuites name="pytest tests"><testsuite name="pytest" errors="0" failures="0" skipped="0" tests="8" time="2.116" timestamp="2026-03-13T14:58:34.768423+00:00" hostname="agent-env-02cc5942-c625-4076-9e82-333592ccb353"><testcase classname="backend.tests.test_restore_backup.TestRestoreBackupAPI" name="test_restore_merge_patients_only" time="0.677" /><testcase classname="backend.tests.test_restore_backup.TestRestoreBackupAPI" name="test_restore_replace_patients_only" time="0.129" /><testcase classname="backend.tests.test_restore_backup.TestRestoreBackupAPI" name="test_restore_merge_both" time="0.068" /><testcase classname="backend.tests.test_restore_backup.TestRestoreBackupAPI" name="test_restore_replace_visits_only" time="0.207" /><testcase classname="backend.tests.test_restore_backup.TestRestoreBackupAPI" name="test_restore_missing_required_fields" time="0.075" /><testcase classname="backend.tests.test_restore_backup.TestRestoreBackupAPI" name="test_restore_visit_patient_not_found" time="0.065" /><testcase classname="backend.tests.test_restore_backup.TestRestoreBackupAPI" name="test_restore_rejects_receptionist" time="0.640" /><testcase classname="backend.tests.test_restore_backup.TestRestoreBackupAPI" name="test_restore_requires_auth" time="0.060" /></testsuite></testsuites>