<?xml version="1.0" encoding="utf-8"?><testsuites name="pytest tests"><testsuite name="pytest" errors="0" failures="0" skipped="0" tests="11" time="6.340" timestamp="2026-02-25T11:16:25.854753+00:00" hostname="agent-env-c85c17aa-ec7c-4fa3-9cde-57a6fdf567c7"><testcase classname="backend.tests.test_new_visit_labs.TestNewVisitLabsAPI" name="test_01_list_attachments_for_patient" time="0.491" /><testcase classname="backend.tests.test_new_visit_labs.TestNewVisitLabsAPI" name="test_02_list_attachments_filters_by_lab_tags" time="0.413" /><testcase classname="backend.tests.test_new_visit_labs.TestNewVisitLabsAPI" name="test_03_get_single_attachment_with_file_data" time="0.426" /><testcase classname="backend.tests.test_new_visit_labs.TestNewVisitLabsAPI" name="test_04_upload_new_attachment" time="0.623" /><testcase classname="backend.tests.test_new_visit_labs.TestNewVisitLabsAPI" name="test_05_update_attachment_filename" time="0.604" /><testcase classname="backend.tests.test_new_visit_labs.TestNewVisitLabsAPI" name="test_06_update_attachment_tag" time="0.626" /><testcase classname="backend.tests.test_new_visit_labs.TestNewVisitLabsAPI" name="test_07_update_attachment_notes" time="0.707" /><testcase classname="backend.tests.test_new_visit_labs.TestNewVisitLabsAPI" name="test_08_delete_attachment" time="0.705" /><testcase classname="backend.tests.test_new_visit_labs.TestNewVisitLabsAPI" name="test_09_upload_without_auth_fails" time="0.672" /><testcase classname="backend.tests.test_new_visit_labs.TestNewVisitLabsAPI" name="test_10_get_nonexistent_attachment_returns_404" time="0.461" /><testcase classname="backend.tests.test_new_visit_labs.TestVisitAPIWithLabs" name="test_11_create_visit_works_after_labs_section_added" time="0.498" /></testsuite></testsuites>